# JRE version: OpenJDK Runtime Environment Temurin-17.0.14+7 (17.0.14+7) (build 17.0.14+7)
# Java VM: OpenJDK 64-Bit Server VM Temurin-17.0.14+7 (17.0.14+7, mixed mode, sharing, tiered, compressed oops, compressed class ptrs, g1 gc, windows-amd64)
GC Precious Log:
 CPUs: 8 total, 8 available
 Memory: 5965M
 Large Page Support: Disabled
 NUMA Support: Disabled
 Compressed Oops: Enabled (32-bit)
 Heap Region Size: 1M
 Heap Min Capacity: 8M
 Heap Initial Capacity: 94M
 Heap Max Capacity: 1492M
 Pre-touch: Disabled
 Parallel Workers: 8
 Concurrent Workers: 2
 Concurrent Refinement Workers: 8
 Periodic GC: Disabled
Heap:
 garbage-first heap   total 58368K, used 40822K [0x00000000a2c00000, 0x0000000100000000)
  region size 1024K, 11 young (11264K), 2 survivors (2048K)
 Metaspace       used 77245K, committed 77824K, reserved 1179648K
  class space    used 10176K, committed 10432K, reserved 1048576K
GC Heap History (20 events):
Event: 8.867 GC heap before
{Heap before GC invocations=10 (full 0):
 garbage-first heap   total 58368K, used 41706K [0x00000000a2c00000, 0x0000000100000000)
  region size 1024K, 25 young (25600K), 3 survivors (3072K)
 Metaspace       used 40877K, committed 41344K, reserved 1114112K
  class space    used 5388K, committed 5632K, reserved 1048576K
}
Event: 8.870 GC heap after
{Heap after GC invocations=11 (full 0):
 garbage-first heap   total 58368K, used 21305K [0x00000000a2c00000, 0x0000000100000000)
  region size 1024K, 2 young (2048K), 2 survivors (2048K)
 Metaspace       used 40877K, committed 41344K, reserved 1114112K
  class space    used 5388K, committed 5632K, reserved 1048576K
}
Event: 9.798 GC heap before
{Heap before GC invocations=11 (full 0):
 garbage-first heap   total 58368K, used 42809K [0x00000000a2c00000, 0x0000000100000000)
  region size 1024K, 24 young (24576K), 2 survivors (2048K)
 Metaspace       used 47322K, committed 47808K, reserved 1114112K
  class space    used 6206K, committed 6464K, reserved 1048576K
}
Event: 9.801 GC heap after
{Heap after GC invocations=12 (full 0):
 garbage-first heap   total 58368K, used 23471K [0x00000000a2c00000, 0x0000000100000000)
  region size 1024K, 3 young (3072K), 3 survivors (3072K)
 Metaspace       used 47322K, committed 47808K, reserved 1114112K
  class space    used 6206K, committed 6464K, reserved 1048576K
}
Event: 10.437 GC heap before
{Heap before GC invocations=12 (full 0):
 garbage-first heap   total 58368K, used 42927K [0x00000000a2c00000, 0x0000000100000000)
  region size 1024K, 23 young (23552K), 3 survivors (3072K)
 Metaspace       used 53619K, committed 54144K, reserved 1114112K
  class space    used 7090K, committed 7360K, reserved 1048576K
}
Event: 10.440 GC heap after
{Heap after GC invocations=13 (full 0):
 garbage-first heap   total 58368K, used 24732K [0x00000000a2c00000, 0x0000000100000000)
  region size 1024K, 2 young (2048K), 2 survivors (2048K)
 Metaspace       used 53619K, committed 54144K, reserved 1114112K
  class space    used 7090K, committed 7360K, reserved 1048576K
}
Event: 11.091 GC heap before
{Heap before GC invocations=13 (full 0):
 garbage-first heap   total 58368K, used 44188K [0x00000000a2c00000, 0x0000000100000000)
  region size 1024K, 21 young (21504K), 2 survivors (2048K)
 Metaspace       used 58425K, committed 59008K, reserved 1114112K
  class space    used 7914K, committed 8192K, reserved 1048576K
}
Event: 11.093 GC heap after
{Heap after GC invocations=14 (full 0):
 garbage-first heap   total 58368K, used 25412K [0x00000000a2c00000, 0x0000000100000000)
  region size 1024K, 2 young (2048K), 2 survivors (2048K)
 Metaspace       used 58425K, committed 59008K, reserved 1114112K
  class space    used 7914K, committed 8192K, reserved 1048576K
}
Event: 11.526 GC heap before
{Heap before GC invocations=14 (full 0):
 garbage-first heap   total 58368K, used 33604K [0x00000000a2c00000, 0x0000000100000000)
  region size 1024K, 11 young (11264K), 2 survivors (2048K)
 Metaspace       used 59789K, committed 60288K, reserved 1114112K
  class space    used 8046K, committed 8320K, reserved 1048576K
}
Event: 11.530 GC heap after
{Heap after GC invocations=15 (full 0):
 garbage-first heap   total 58368K, used 26367K [0x00000000a2c00000, 0x0000000100000000)
  region size 1024K, 2 young (2048K), 2 survivors (2048K)
 Metaspace       used 59789K, committed 60288K, reserved 1114112K
  class space    used 8046K, committed 8320K, reserved 1048576K
}
Event: 12.132 GC heap before
{Heap before GC invocations=16 (full 0):
 garbage-first heap   total 58368K, used 45823K [0x00000000a2c00000, 0x0000000100000000)
  region size 1024K, 21 young (21504K), 2 survivors (2048K)
 Metaspace       used 62310K, committed 62848K, reserved 1114112K
  class space    used 8449K, committed 8704K, reserved 1048576K
}
Event: 12.136 GC heap after
{Heap after GC invocations=17 (full 0):
 garbage-first heap   total 58368K, used 28289K [0x00000000a2c00000, 0x0000000100000000)
  region size 1024K, 3 young (3072K), 3 survivors (3072K)
 Metaspace       used 62310K, committed 62848K, reserved 1114112K
  class space    used 8449K, committed 8704K, reserved 1048576K
}
Event: 13.043 GC heap before
{Heap before GC invocations=18 (full 0):
 garbage-first heap   total 58368K, used 46721K [0x00000000a2c00000, 0x0000000100000000)
  region size 1024K, 21 young (21504K), 3 survivors (3072K)
 Metaspace       used 64255K, committed 64832K, reserved 1114112K
  class space    used 8759K, committed 9024K, reserved 1048576K
}
Event: 13.047 GC heap after
{Heap after GC invocations=19 (full 0):
 garbage-first heap   total 58368K, used 30135K [0x00000000a2c00000, 0x0000000100000000)
  region size 1024K, 2 young (2048K), 2 survivors (2048K)
 Metaspace       used 64255K, committed 64832K, reserved 1114112K
  class space    used 8759K, committed 9024K, reserved 1048576K
}
Event: 13.949 GC heap before
{Heap before GC invocations=19 (full 0):
 garbage-first heap   total 58368K, used 45495K [0x00000000a2c00000, 0x0000000100000000)
  region size 1024K, 18 young (18432K), 2 survivors (2048K)
 Metaspace       used 67700K, committed 68288K, reserved 1114112K
  class space    used 9160K, committed 9408K, reserved 1048576K
}
Event: 13.953 GC heap after
{Heap after GC invocations=20 (full 0):
 garbage-first heap   total 58368K, used 31217K [0x00000000a2c00000, 0x0000000100000000)
  region size 1024K, 2 young (2048K), 2 survivors (2048K)
 Metaspace       used 67700K, committed 68288K, reserved 1114112K
  class space    used 9160K, committed 9408K, reserved 1048576K
}
Event: 14.506 GC heap before
{Heap before GC invocations=21 (full 0):
 garbage-first heap   total 58368K, used 45553K [0x00000000a2c00000, 0x0000000100000000)
  region size 1024K, 17 young (17408K), 2 survivors (2048K)
 Metaspace       used 71979K, committed 72576K, reserved 1114112K
  class space    used 9446K, committed 9728K, reserved 1048576K
}
Event: 14.508 GC heap after
{Heap after GC invocations=22 (full 0):
 garbage-first heap   total 58368K, used 31776K [0x00000000a2c00000, 0x0000000100000000)
  region size 1024K, 2 young (2048K), 2 survivors (2048K)
 Metaspace       used 71979K, committed 72576K, reserved 1114112K
  class space    used 9446K, committed 9728K, reserved 1048576K
}
Event: 36.921 GC heap before
{Heap before GC invocations=22 (full 0):
 garbage-first heap   total 58368K, used 46112K [0x00000000a2c00000, 0x0000000100000000)
  region size 1024K, 17 young (17408K), 2 survivors (2048K)
 Metaspace       used 75030K, committed 75648K, reserved 1179648K
  class space    used 9881K, committed 10176K, reserved 1048576K
}
Event: 36.926 GC heap after
{Heap after GC invocations=23 (full 0):
 garbage-first heap   total 58368K, used 32630K [0x00000000a2c00000, 0x0000000100000000)
  region size 1024K, 2 young (2048K), 2 survivors (2048K)
 Metaspace       used 75030K, committed 75648K, reserved 1179648K
  class space    used 9881K, committed 10176K, reserved 1048576K
}

