# JRE version: OpenJDK Runtime Environment Temurin-17.0.14+7 (17.0.14+7) (build 17.0.14+7)
# Java VM: OpenJDK 64-Bit Server VM Temurin-17.0.14+7 (17.0.14+7, mixed mode, sharing, tiered, compressed oops, compressed class ptrs, g1 gc, windows-amd64)
GC Precious Log:
 CPUs: 8 total, 8 available
 Memory: 5965M
 Large Page Support: Disabled
 NUMA Support: Disabled
 Compressed Oops: Enabled (32-bit)
 Heap Region Size: 1M
 Heap Min Capacity: 8M
 Heap Initial Capacity: 94M
 Heap Max Capacity: 1492M
 Pre-touch: Disabled
 Parallel Workers: 8
 Concurrent Workers: 2
 Concurrent Refinement Workers: 8
 Periodic GC: Disabled
Heap:
 garbage-first heap   total 58368K, used 33371K [0x00000000a2c00000, 0x0000000100000000)
  region size 1024K, 4 young (4096K), 1 survivors (1024K)
 Metaspace       used 77665K, committed 78272K, reserved 1179648K
  class space    used 10248K, committed 10560K, reserved 1048576K
GC Heap History (20 events):
Event: 15.343 GC heap before
{Heap before GC invocations=16 (full 0):
 garbage-first heap   total 58368K, used 45113K [0x00000000a2c00000, 0x0000000100000000)
  region size 1024K, 22 young (22528K), 3 survivors (3072K)
 Metaspace       used 61992K, committed 62528K, reserved 1114112K
  class space    used 8471K, committed 8704K, reserved 1048576K
}
Event: 15.347 GC heap after
{Heap after GC invocations=17 (full 0):
 garbage-first heap   total 58368K, used 27548K [0x00000000a2c00000, 0x0000000100000000)
  region size 1024K, 3 young (3072K), 3 survivors (3072K)
 Metaspace       used 61992K, committed 62528K, reserved 1114112K
  class space    used 8471K, committed 8704K, reserved 1048576K
}
Event: 15.888 GC heap before
{Heap before GC invocations=17 (full 0):
 garbage-first heap   total 58368K, used 45980K [0x00000000a2c00000, 0x0000000100000000)
  region size 1024K, 21 young (21504K), 3 survivors (3072K)
 Metaspace       used 64010K, committed 64512K, reserved 1114112K
  class space    used 8786K, committed 9024K, reserved 1048576K
}
Event: 15.892 GC heap after
{Heap after GC invocations=18 (full 0):
 garbage-first heap   total 58368K, used 29477K [0x00000000a2c00000, 0x0000000100000000)
  region size 1024K, 2 young (2048K), 2 survivors (2048K)
 Metaspace       used 64010K, committed 64512K, reserved 1114112K
  class space    used 8786K, committed 9024K, reserved 1048576K
}
Event: 16.526 GC heap before
{Heap before GC invocations=18 (full 0):
 garbage-first heap   total 58368K, used 44837K [0x00000000a2c00000, 0x0000000100000000)
  region size 1024K, 18 young (18432K), 2 survivors (2048K)
 Metaspace       used 67658K, committed 68160K, reserved 1114112K
  class space    used 9206K, committed 9408K, reserved 1048576K
}
Event: 16.531 GC heap after
{Heap after GC invocations=19 (full 0):
 garbage-first heap   total 58368K, used 30552K [0x00000000a2c00000, 0x0000000100000000)
  region size 1024K, 2 young (2048K), 2 survivors (2048K)
 Metaspace       used 67658K, committed 68160K, reserved 1114112K
  class space    used 9206K, committed 9408K, reserved 1048576K
}
Event: 17.079 GC heap before
{Heap before GC invocations=20 (full 0):
 garbage-first heap   total 58368K, used 44888K [0x00000000a2c00000, 0x0000000100000000)
  region size 1024K, 17 young (17408K), 2 survivors (2048K)
 Metaspace       used 71997K, committed 72512K, reserved 1114112K
  class space    used 9485K, committed 9728K, reserved 1048576K
}
Event: 17.081 GC heap after
{Heap after GC invocations=21 (full 0):
 garbage-first heap   total 58368K, used 31186K [0x00000000a2c00000, 0x0000000100000000)
  region size 1024K, 2 young (2048K), 2 survivors (2048K)
 Metaspace       used 71997K, committed 72512K, reserved 1114112K
  class space    used 9485K, committed 9728K, reserved 1048576K
}
Event: 54.439 GC heap before
{Heap before GC invocations=21 (full 0):
 garbage-first heap   total 58368K, used 46546K [0x00000000a2c00000, 0x0000000100000000)
  region size 1024K, 17 young (17408K), 2 survivors (2048K)
 Metaspace       used 75026K, committed 75648K, reserved 1179648K
  class space    used 9927K, committed 10240K, reserved 1048576K
}
Event: 54.474 GC heap after
{Heap after GC invocations=22 (full 0):
 garbage-first heap   total 58368K, used 31974K [0x00000000a2c00000, 0x0000000100000000)
  region size 1024K, 2 young (2048K), 2 survivors (2048K)
 Metaspace       used 75026K, committed 75648K, reserved 1179648K
  class space    used 9927K, committed 10240K, reserved 1048576K
}
Event: 184.389 GC heap before
{Heap before GC invocations=23 (full 0):
 garbage-first heap   total 58368K, used 47334K [0x00000000a2c00000, 0x0000000100000000)
  region size 1024K, 17 young (17408K), 2 survivors (2048K)
 Metaspace       used 77501K, committed 78080K, reserved 1179648K
  class space    used 10246K, committed 10560K, reserved 1048576K
}
Event: 184.471 GC heap after
{Heap after GC invocations=24 (full 0):
 garbage-first heap   total 58368K, used 32366K [0x00000000a2c00000, 0x0000000100000000)
  region size 1024K, 2 young (2048K), 2 survivors (2048K)
 Metaspace       used 77501K, committed 78080K, reserved 1179648K
  class space    used 10246K, committed 10560K, reserved 1048576K
}
Event: 202.066 GC heap before
{Heap before GC invocations=24 (full 0):
 garbage-first heap   total 58368K, used 33390K [0x00000000a2c00000, 0x0000000100000000)
  region size 1024K, 3 young (3072K), 2 survivors (2048K)
 Metaspace       used 77513K, committed 78080K, reserved 1179648K
  class space    used 10246K, committed 10560K, reserved 1048576K
}
Event: 202.101 GC heap after
{Heap after GC invocations=25 (full 0):
 garbage-first heap   total 58368K, used 32109K [0x00000000a2c00000, 0x0000000100000000)
  region size 1024K, 1 young (1024K), 1 survivors (1024K)
 Metaspace       used 77513K, committed 78080K, reserved 1179648K
  class space    used 10246K, committed 10560K, reserved 1048576K
}
Event: 511.931 GC heap before
{Heap before GC invocations=25 (full 0):
 garbage-first heap   total 58368K, used 48493K [0x00000000a2c00000, 0x0000000100000000)
  region size 1024K, 17 young (17408K), 1 survivors (1024K)
 Metaspace       used 77654K, committed 78272K, reserved 1179648K
  class space    used 10246K, committed 10560K, reserved 1048576K
}
Event: 511.982 GC heap after
{Heap after GC invocations=26 (full 0):
 garbage-first heap   total 58368K, used 31979K [0x00000000a2c00000, 0x0000000100000000)
  region size 1024K, 1 young (1024K), 1 survivors (1024K)
 Metaspace       used 77654K, committed 78272K, reserved 1179648K
  class space    used 10246K, committed 10560K, reserved 1048576K
}
Event: 838.027 GC heap before
{Heap before GC invocations=27 (full 0):
 garbage-first heap   total 58368K, used 48363K [0x00000000a2c00000, 0x0000000100000000)
  region size 1024K, 17 young (17408K), 1 survivors (1024K)
 Metaspace       used 77665K, committed 78272K, reserved 1179648K
  class space    used 10248K, committed 10560K, reserved 1048576K
}
Event: 838.064 GC heap after
{Heap after GC invocations=28 (full 0):
 garbage-first heap   total 58368K, used 32006K [0x00000000a2c00000, 0x0000000100000000)
  region size 1024K, 1 young (1024K), 1 survivors (1024K)
 Metaspace       used 77665K, committed 78272K, reserved 1179648K
  class space    used 10248K, committed 10560K, reserved 1048576K
}
Event: 858.265 GC heap before
{Heap before GC invocations=28 (full 0):
 garbage-first heap   total 58368K, used 33030K [0x00000000a2c00000, 0x0000000100000000)
  region size 1024K, 2 young (2048K), 1 survivors (1024K)
 Metaspace       used 77665K, committed 78272K, reserved 1179648K
  class space    used 10248K, committed 10560K, reserved 1048576K
}
Event: 858.276 GC heap after
{Heap after GC invocations=29 (full 0):
 garbage-first heap   total 58368K, used 31323K [0x00000000a2c00000, 0x0000000100000000)
  region size 1024K, 1 young (1024K), 1 survivors (1024K)
 Metaspace       used 77665K, committed 78272K, reserved 1179648K
  class space    used 10248K, committed 10560K, reserved 1048576K
}

