# JRE version: OpenJDK Runtime Environment Temurin-17.0.14+7 (17.0.14+7) (build 17.0.14+7)
# Java VM: OpenJDK 64-Bit Server VM Temurin-17.0.14+7 (17.0.14+7, mixed mode, sharing, tiered, compressed oops, compressed class ptrs, g1 gc, windows-amd64)
GC Precious Log:
 CPUs: 8 total, 8 available
 Memory: 5965M
 Large Page Support: Disabled
 NUMA Support: Disabled
 Compressed Oops: Enabled (32-bit)
 Heap Region Size: 1M
 Heap Min Capacity: 8M
 Heap Initial Capacity: 94M
 Heap Max Capacity: 1492M
 Pre-touch: Disabled
 Parallel Workers: 8
 Concurrent Workers: 2
 Concurrent Refinement Workers: 8
 Periodic GC: Disabled
Heap:
 garbage-first heap   total 56320K, used 33272K [0x00000000a2c00000, 0x0000000100000000)
  region size 1024K, 3 young (3072K), 1 survivors (1024K)
 Metaspace       used 77917K, committed 78464K, reserved 1179648K
  class space    used 10232K, committed 10496K, reserved 1048576K
GC Heap History (20 events):
Event: 9.876 GC heap before
{Heap before GC invocations=20 (full 0):
 garbage-first heap   total 48128K, used 39331K [0x00000000a2c00000, 0x0000000100000000)
  region size 1024K, 14 young (14336K), 2 survivors (2048K)
 Metaspace       used 62577K, committed 63168K, reserved 1114112K
  class space    used 8493K, committed 8768K, reserved 1048576K
}
Event: 9.879 GC heap after
{Heap after GC invocations=21 (full 0):
 garbage-first heap   total 48128K, used 28544K [0x00000000a2c00000, 0x0000000100000000)
  region size 1024K, 2 young (2048K), 2 survivors (2048K)
 Metaspace       used 62577K, committed 63168K, reserved 1114112K
  class space    used 8493K, committed 8768K, reserved 1048576K
}
Event: 10.158 GC heap before
{Heap before GC invocations=22 (full 0):
 garbage-first heap   total 51200K, used 38784K [0x00000000a2c00000, 0x0000000100000000)
  region size 1024K, 12 young (12288K), 2 survivors (2048K)
 Metaspace       used 63588K, committed 64128K, reserved 1114112K
  class space    used 8638K, committed 8896K, reserved 1048576K
}
Event: 10.162 GC heap after
{Heap after GC invocations=23 (full 0):
 garbage-first heap   total 51200K, used 29536K [0x00000000a2c00000, 0x0000000100000000)
  region size 1024K, 2 young (2048K), 2 survivors (2048K)
 Metaspace       used 63588K, committed 64128K, reserved 1114112K
  class space    used 8638K, committed 8896K, reserved 1048576K
}
Event: 10.501 GC heap before
{Heap before GC invocations=23 (full 0):
 garbage-first heap   total 51200K, used 40800K [0x00000000a2c00000, 0x0000000100000000)
  region size 1024K, 13 young (13312K), 2 survivors (2048K)
 Metaspace       used 65312K, committed 65792K, reserved 1114112K
  class space    used 8916K, committed 9152K, reserved 1048576K
}
Event: 10.504 GC heap after
{Heap after GC invocations=24 (full 0):
 garbage-first heap   total 51200K, used 30358K [0x00000000a2c00000, 0x0000000100000000)
  region size 1024K, 2 young (2048K), 2 survivors (2048K)
 Metaspace       used 65312K, committed 65792K, reserved 1114112K
  class space    used 8916K, committed 9152K, reserved 1048576K
}
Event: 10.931 GC heap before
{Heap before GC invocations=25 (full 0):
 garbage-first heap   total 53248K, used 40598K [0x00000000a2c00000, 0x0000000100000000)
  region size 1024K, 13 young (13312K), 2 survivors (2048K)
 Metaspace       used 67924K, committed 68416K, reserved 1114112K
  class space    used 9199K, committed 9408K, reserved 1048576K
}
Event: 10.934 GC heap after
{Heap after GC invocations=26 (full 0):
 garbage-first heap   total 53248K, used 30899K [0x00000000a2c00000, 0x0000000100000000)
  region size 1024K, 2 young (2048K), 2 survivors (2048K)
 Metaspace       used 67924K, committed 68416K, reserved 1114112K
  class space    used 9199K, committed 9408K, reserved 1048576K
}
Event: 11.358 GC heap before
{Heap before GC invocations=26 (full 0):
 garbage-first heap   total 53248K, used 42163K [0x00000000a2c00000, 0x0000000100000000)
  region size 1024K, 14 young (14336K), 2 survivors (2048K)
 Metaspace       used 71443K, committed 72064K, reserved 1114112K
  class space    used 9415K, committed 9728K, reserved 1048576K
}
Event: 11.362 GC heap after
{Heap after GC invocations=27 (full 0):
 garbage-first heap   total 53248K, used 31618K [0x00000000a2c00000, 0x0000000100000000)
  region size 1024K, 2 young (2048K), 2 survivors (2048K)
 Metaspace       used 71443K, committed 72064K, reserved 1114112K
  class space    used 9415K, committed 9728K, reserved 1048576K
}
Event: 11.826 GC heap before
{Heap before GC invocations=28 (full 0):
 garbage-first heap   total 56320K, used 42882K [0x00000000a2c00000, 0x0000000100000000)
  region size 1024K, 13 young (13312K), 2 survivors (2048K)
 Metaspace       used 74114K, committed 74688K, reserved 1114112K
  class space    used 9784K, committed 10048K, reserved 1048576K
}
Event: 11.829 GC heap after
{Heap after GC invocations=29 (full 0):
 garbage-first heap   total 56320K, used 32268K [0x00000000a2c00000, 0x0000000100000000)
  region size 1024K, 2 young (2048K), 2 survivors (2048K)
 Metaspace       used 74114K, committed 74688K, reserved 1114112K
  class space    used 9784K, committed 10048K, reserved 1048576K
}
Event: 14.918 GC heap before
{Heap before GC invocations=29 (full 0):
 garbage-first heap   total 56320K, used 33292K [0x00000000a2c00000, 0x0000000100000000)
  region size 1024K, 3 young (3072K), 2 survivors (2048K)
 Metaspace       used 74281K, committed 74880K, reserved 1114112K
  class space    used 9809K, committed 10112K, reserved 1048576K
}
Event: 14.923 GC heap after
{Heap after GC invocations=30 (full 0):
 garbage-first heap   total 56320K, used 31700K [0x00000000a2c00000, 0x0000000100000000)
  region size 1024K, 1 young (1024K), 1 survivors (1024K)
 Metaspace       used 74281K, committed 74880K, reserved 1114112K
  class space    used 9809K, committed 10112K, reserved 1048576K
}
Event: 71.446 GC heap before
{Heap before GC invocations=30 (full 0):
 garbage-first heap   total 56320K, used 46036K [0x00000000a2c00000, 0x0000000100000000)
  region size 1024K, 15 young (15360K), 1 survivors (1024K)
 Metaspace       used 77593K, committed 78144K, reserved 1179648K
  class space    used 10229K, committed 10496K, reserved 1048576K
}
Event: 71.454 GC heap after
{Heap after GC invocations=31 (full 0):
 garbage-first heap   total 56320K, used 32198K [0x00000000a2c00000, 0x0000000100000000)
  region size 1024K, 1 young (1024K), 1 survivors (1024K)
 Metaspace       used 77593K, committed 78144K, reserved 1179648K
  class space    used 10229K, committed 10496K, reserved 1048576K
}
Event: 335.232 GC heap before
{Heap before GC invocations=32 (full 0):
 garbage-first heap   total 56320K, used 46534K [0x00000000a2c00000, 0x0000000100000000)
  region size 1024K, 15 young (15360K), 1 survivors (1024K)
 Metaspace       used 77873K, committed 78400K, reserved 1179648K
  class space    used 10229K, committed 10496K, reserved 1048576K
}
Event: 335.250 GC heap after
{Heap after GC invocations=33 (full 0):
 garbage-first heap   total 56320K, used 32212K [0x00000000a2c00000, 0x0000000100000000)
  region size 1024K, 1 young (1024K), 1 survivors (1024K)
 Metaspace       used 77873K, committed 78400K, reserved 1179648K
  class space    used 10229K, committed 10496K, reserved 1048576K
}
Event: 606.070 GC heap before
{Heap before GC invocations=33 (full 0):
 garbage-first heap   total 56320K, used 46548K [0x00000000a2c00000, 0x0000000100000000)
  region size 1024K, 15 young (15360K), 1 survivors (1024K)
 Metaspace       used 77912K, committed 78464K, reserved 1179648K
  class space    used 10232K, committed 10496K, reserved 1048576K
}
Event: 606.095 GC heap after
{Heap after GC invocations=34 (full 0):
 garbage-first heap   total 56320K, used 32248K [0x00000000a2c00000, 0x0000000100000000)
  region size 1024K, 1 young (1024K), 1 survivors (1024K)
 Metaspace       used 77912K, committed 78464K, reserved 1179648K
  class space    used 10232K, committed 10496K, reserved 1048576K
}

